<?xml version="1.0" encoding="UTF-8"?>
<!-- Generated by org.testng.reporters.JUnitXMLReporter -->
<testsuite ignored="0" hostname="Parth" failures="1" tests="2"
	name="End To End Tests" time="57.46" errors="0"
	timestamp="2026-05-03T15:39:26 IST">
	<testcase classname="io.cucumber.testng.AbstractTestNGCucumberTests"
		name="runScenario" time="29.025">
		<skipped />
	</testcase> <!-- runScenario -->
	<testcase classname="io.cucumber.testng.AbstractTestNGCucumberTests"
		name="runScenario" time="27.239">
		<failure type="java.lang.AssertionError"
			message="No search results were populated on the page to click.">
      <![CDATA[java.lang.AssertionError: No search results were populated on the page to click.
at pages.SearchResultsPage.clickFirstProduct(SearchResultsPage.java:38)
at stepdefinitions.AmazonSteps.i_select_the_first_product_from_the_search_results(AmazonSteps.java:40)
at ✽.I select the first product from the search results(file:///C:/Users/parth/eclipse-workspace/Maven_AmazonTest_gemini/src/test/resources/features/AmazonFlow.feature:6)
... Removed 1 stack frames]]>
    </failure>
	</testcase> <!--
	runScenario -->
</testsuite> <!--
End To End Tests -->
