<?xml version="1.0" encoding="UTF-8"?>
<testsuite xmlns:xsi="http://www.w3.org/2001/XMLSchema-instance"
	xsi:noNamespaceSchemaLocation="https://maven.apache.org/surefire/maven-surefire-plugin/xsd/surefire-test-report-3.0.xsd"
	version="3.0" name="TestSuite" time="57.965" tests="2" errors="0"
	skipped="1" failures="1">
	<properties>
[...]
</properties>
	<testcase
		name="runScenario[&quot;Search, select, add to cart, and proceed to checkout&quot;, &quot;Amazon India End-to-End Shopping Flow&quot;](1)"
		classname="runners.TestRunner" time="0.0">
		<skipped
			message="No search results were populated on the page to click." />
		<system-out><![CDATA[
Scenario Outline: Search, select, add to cart, and proceed to checkout # src/test/resources/features/AmazonFlow.feature:13
2026-05-03 15:38:30 [TestNG-PoolService-0] INFO  stepdefinitions.Hooks - Initializing WebDriver...
2026-05-03 15:38:32 [TestNG-PoolService-0] INFO  stepdefinitions.AmazonSteps - Navigated to Amazon India.
  Given I navigate to the Amazon India application                     # stepdefinitions.AmazonSteps.i_navigate_to_the_amazon_india_application()
2026-05-03 15:38:32 [TestNG-PoolService-0] INFO  utils.LogUtils - Entering product name in search box: laptop
2026-05-03 15:38:34 [TestNG-PoolService-0] INFO  utils.LogUtils - Clicking the search button.
2026-05-03 15:38:37 [TestNG-PoolService-0] INFO  stepdefinitions.AmazonSteps - Searched for product: laptop
  When I search for a product "laptop"                                 # stepdefinitions.AmazonSteps.i_search_for_a_product(java.lang.String)
2026-05-03 15:38:37 [TestNG-PoolService-0] INFO  utils.LogUtils - Waiting for search results to populate...
2026-05-03 15:38:58 [TestNG-PoolService-0] ERROR utils.LogUtils - Failed to find or click any search results. Amazon UI might have changed.
  And I select the first product from the search results               # stepdefinitions.AmazonSteps.i_select_the_first_product_from_the_search_results()
      java.lang.AssertionError: No search results were populated on the page to click.
	at org.testng.Assert.fail(Assert.java:111)
	at pages.SearchResultsPage.clickFirstProduct(SearchResultsPage.java:38)
	at stepdefinitions.AmazonSteps.i_select_the_first_product_from_the_search_results(AmazonSteps.java:40)
	at ✽.I select the first product from the search results(file:///C:/Users/parth/eclipse-workspace/Maven_AmazonTest_gemini/src/test/resources/features/AmazonFlow.feature:6)

  And I add the product to the cart                                    # stepdefinitions.AmazonSteps.i_add_the_product_to_the_cart()
  And I proceed to buy from the cart page                              # stepdefinitions.AmazonSteps.i_proceed_to_buy_from_the_cart_page()
  Then I should be redirected to the Amazon Sign-In page               # stepdefinitions.AmazonSteps.i_should_be_redirected_to_the_amazon_sign_in_page()
2026-05-03 15:38:58 [TestNG-PoolService-0] ERROR stepdefinitions.Hooks - Scenario failed! Taking screenshot...

    Embedding Failed_Screenshot [image/png 387095 bytes]

2026-05-03 15:38:58 [TestNG-PoolService-0] INFO  stepdefinitions.Hooks - Closing WebDriver...
]]></system-out>
		<system-err><![CDATA[SLF4J: Failed to load class "org.slf4j.impl.StaticLoggerBinder".
SLF4J: Defaulting to no-operation (NOP) logger implementation
SLF4J: See http://www.slf4j.org/codes.html#StaticLoggerBinder for further details.
May 03, 2026 3:38:32 PM org.openqa.selenium.devtools.CdpVersionFinder findNearestMatch
WARNING: Unable to find CDP implementation matching 147
May 03, 2026 3:38:32 PM org.openqa.selenium.chromium.ChromiumDriver lambda$new$5
WARNING: Unable to find version of CDP to use for 147.0.7727.138. You may need to include a dependency on a specific version of the CDP using something similar to `org.seleniumhq.selenium:selenium-devtools-v86:4.15.0` where the version ("v86") matches the version of the chromium-based browser you're using and the version number of the artifact is the same as Selenium's.
]]></system-err>
	</testcase>
	<testcase
		name="runScenario[&quot;Search, select, add to cart, and proceed to checkout&quot;, &quot;Amazon India End-to-End Shopping Flow&quot;](2)"
		classname="runners.TestRunner" time="27.231">
		<failure
			message="No search results were populated on the page to click."
			type="java.lang.AssertionError"><![CDATA[java.lang.AssertionError: No search results were populated on the page to click.
	at org.testng.Assert.fail(Assert.java:111)
	at pages.SearchResultsPage.clickFirstProduct(SearchResultsPage.java:38)
	at stepdefinitions.AmazonSteps.i_select_the_first_product_from_the_search_results(AmazonSteps.java:40)
	at ✽.I select the first product from the search results(file:///C:/Users/parth/eclipse-workspace/Maven_AmazonTest_gemini/src/test/resources/features/AmazonFlow.feature:6)
]]></failure>
		<system-out><![CDATA[
Scenario Outline: Search, select, add to cart, and proceed to checkout # src/test/resources/features/AmazonFlow.feature:13
2026-05-03 15:38:58 [TestNG-PoolService-0] INFO  stepdefinitions.Hooks - Initializing WebDriver...
2026-05-03 15:39:00 [TestNG-PoolService-0] INFO  stepdefinitions.AmazonSteps - Navigated to Amazon India.
  Given I navigate to the Amazon India application                     # stepdefinitions.AmazonSteps.i_navigate_to_the_amazon_india_application()
2026-05-03 15:39:00 [TestNG-PoolService-0] INFO  utils.LogUtils - Entering product name in search box: laptop
2026-05-03 15:39:02 [TestNG-PoolService-0] INFO  utils.LogUtils - Clicking the search button.
2026-05-03 15:39:04 [TestNG-PoolService-0] INFO  stepdefinitions.AmazonSteps - Searched for product: laptop
  When I search for a product "laptop"                                 # stepdefinitions.AmazonSteps.i_search_for_a_product(java.lang.String)
2026-05-03 15:39:04 [TestNG-PoolService-0] INFO  utils.LogUtils - Waiting for search results to populate...
2026-05-03 15:39:25 [TestNG-PoolService-0] ERROR utils.LogUtils - Failed to find or click any search results. Amazon UI might have changed.
  And I select the first product from the search results               # stepdefinitions.AmazonSteps.i_select_the_first_product_from_the_search_results()
      java.lang.AssertionError: No search results were populated on the page to click.
	at org.testng.Assert.fail(Assert.java:111)
	at pages.SearchResultsPage.clickFirstProduct(SearchResultsPage.java:38)
	at stepdefinitions.AmazonSteps.i_select_the_first_product_from_the_search_results(AmazonSteps.java:40)
	at ✽.I select the first product from the search results(file:///C:/Users/parth/eclipse-workspace/Maven_AmazonTest_gemini/src/test/resources/features/AmazonFlow.feature:6)

  And I add the product to the cart                                    # stepdefinitions.AmazonSteps.i_add_the_product_to_the_cart()
  And I proceed to buy from the cart page                              # stepdefinitions.AmazonSteps.i_proceed_to_buy_from_the_cart_page()
  Then I should be redirected to the Amazon Sign-In page               # stepdefinitions.AmazonSteps.i_should_be_redirected_to_the_amazon_sign_in_page()
2026-05-03 15:39:25 [TestNG-PoolService-0] ERROR stepdefinitions.Hooks - Scenario failed! Taking screenshot...

    Embedding Failed_Screenshot [image/png 384206 bytes]

2026-05-03 15:39:25 [TestNG-PoolService-0] INFO  stepdefinitions.Hooks - Closing WebDriver...
]]></system-out>
		<system-err><![CDATA[May 03, 2026 3:38:59 PM org.openqa.selenium.devtools.CdpVersionFinder findNearestMatch
WARNING: Unable to find CDP implementation matching 147
May 03, 2026 3:38:59 PM org.openqa.selenium.chromium.ChromiumDriver lambda$new$5
WARNING: Unable to find version of CDP to use for 147.0.7727.138. You may need to include a dependency on a specific version of the CDP using something similar to `org.seleniumhq.selenium:selenium-devtools-v86:4.15.0` where the version ("v86") matches the version of the chromium-based browser you're using and the version number of the artifact is the same as Selenium's.
]]></system-err>
	</testcase>
</testsuite>