-------------------------------------------------------------------------------
Test set: TestSuite
-------------------------------------------------------------------------------
Tests run: 2, Failures: 1, Errors: 0, Skipped: 1, Time elapsed: 57.97 s <<< FAILURE! -- in TestSuite
runners.TestRunner.runScenario["Search, select, add to cart, and proceed to checkout", "Amazon India End-to-End Shopping Flow"](2) -- Time elapsed: 27.23 s <<< FAILURE!
java.lang.AssertionError: No search results were populated on the page to click.
	at org.testng.Assert.fail(Assert.java:111)
	at pages.SearchResultsPage.clickFirstProduct(SearchResultsPage.java:38)
	at stepdefinitions.AmazonSteps.i_select_the_first_product_from_the_search_results(AmazonSteps.java:40)
	at ✽.I select the first product from the search results(file:///C:/Users/parth/eclipse-workspace/Maven_AmazonTest_gemini/src/test/resources/features/AmazonFlow.feature:6)

