<?xml version="1.0" encoding="UTF-8"?>
<testng-results retried="1" ignored="1" total="3" passed="0" failed="1"
	skipped="0">
	<reporter-output>
	</reporter-output>
	<suite started-at="2026-05-03T15:38:29 IST"
		name="Amazon QA Automation Suite" finished-at="2026-05-03T15:39:26 IST"
		duration-ms="57460">
		<groups>
			<group name="cucumber">
				<method
					signature="AbstractTestNGCucumberTests.runScenario(io.cucumber.testng.PickleWrapper,io.cucumber.testng.FeatureWrapper)[pri:0, instance:runners.TestRunner@1d119efb]"
					name="runScenario"
					class="io.cucumber.testng.AbstractTestNGCucumberTests" />
			</group> <!--
			cucumber -->
		</groups>
		<test started-at="2026-05-03T15:38:29 IST" name="End To End Tests"
			finished-at="2026-05-03T15:39:26 IST" duration-ms="57460">
			<class name="runners.TestRunner">
				<test-method is-config="true"
					signature="setUpClass(org.testng.ITestContext)[pri:0, instance:runners.TestRunner@1d119efb]"
					started-at="2026-05-03T15:38:29 IST" name="setUpClass"
					finished-at="2026-05-03T15:38:29 IST" duration-ms="785"
					status="PASS">
					<params>
						<param index="0">
							<value>
                <![CDATA[org.testng.TestRunner@245a060f]]>
              </value>
						</param>
					</params>
					<reporter-output>
					</reporter-output>
				</test-method> <!--
				setUpClass -->
				<test-method retried="true"
					signature="runScenario(io.cucumber.testng.PickleWrapper,io.cucumber.testng.FeatureWrapper)[pri:0, instance:runners.TestRunner@1d119efb]"
					started-at="2026-05-03T15:38:29 IST" name="runScenario"
					description="Runs Cucumber Scenarios"
					data-provider="scenarios"
					finished-at="2026-05-03T15:38:58 IST" duration-ms="29025"
					status="SKIP">
					<params>
						<param index="0">
							<value>
                <![CDATA["Search, select, add to cart, and proceed to checkout"]]>
              </value>
						</param>
						<param index="1">
							<value>
                <![CDATA["Amazon India End-to-End Shopping Flow"]]>
              </value>
						</param>
					</params>
					<exception class="java.lang.AssertionError">
						<message>
              <![CDATA[No search results were populated on the page to click.]]>
            </message>
						<full-stacktrace>
              <![CDATA[java.lang.AssertionError: No search results were populated on the page to click.
at org.testng.Assert.fail(Assert.java:111)
at pages.SearchResultsPage.clickFirstProduct(SearchResultsPage.java:38)
at stepdefinitions.AmazonSteps.i_select_the_first_product_from_the_search_results(AmazonSteps.java:40)
at ✽.I select the first product from the search results(file:///C:/Users/parth/eclipse-workspace/Maven_AmazonTest_gemini/src/test/resources/features/AmazonFlow.feature:6)
]]>
            </full-stacktrace>
					</exception> <!--
					java.lang.AssertionError -->
					<reporter-output>
					</reporter-output>
				</test-method> <!--
				runScenario -->
				<test-method
					signature="runScenario(io.cucumber.testng.PickleWrapper,io.cucumber.testng.FeatureWrapper)[pri:0, instance:runners.TestRunner@1d119efb]"
					started-at="2026-05-03T15:38:58 IST" name="runScenario"
					description="Runs Cucumber Scenarios"
					data-provider="scenarios"
					finished-at="2026-05-03T15:39:26 IST" duration-ms="27239"
					status="FAIL">
					<params>
						<param index="0">
							<value>
                <![CDATA["Search, select, add to cart, and proceed to checkout"]]>
              </value>
						</param>
						<param index="1">
							<value>
                <![CDATA["Amazon India End-to-End Shopping Flow"]]>
              </value>
						</param>
					</params>
					<exception class="java.lang.AssertionError">
						<message>
              <![CDATA[No search results were populated on the page to click.]]>
            </message>
						<full-stacktrace>
              <![CDATA[java.lang.AssertionError: No search results were populated on the page to click.
at org.testng.Assert.fail(Assert.java:111)
at pages.SearchResultsPage.clickFirstProduct(SearchResultsPage.java:38)
at stepdefinitions.AmazonSteps.i_select_the_first_product_from_the_search_results(AmazonSteps.java:40)
at ✽.I select the first product from the search results(file:///C:/Users/parth/eclipse-workspace/Maven_AmazonTest_gemini/src/test/resources/features/AmazonFlow.feature:6)
]]>
            </full-stacktrace>
					</exception> <!--
					java.lang.AssertionError -->
					<reporter-output>
					</reporter-output>
				</test-method> <!--
				runScenario -->
				<test-method is-config="true"
					signature="tearDownClass()[pri:0, instance:runners.TestRunner@1d119efb]"
					started-at="2026-05-03T15:39:26 IST" name="tearDownClass"
					finished-at="2026-05-03T15:39:26 IST" duration-ms="370"
					status="PASS">
					<reporter-output>
					</reporter-output>
				</test-method> <!--
				tearDownClass -->
			</class> <!--
			runners.TestRunner -->
		</test> <!--
		End To End Tests -->
	</suite> <!--
	Amazon QA Automation Suite -->
</testng-results>
