<?xml version="1.0" encoding="UTF-8"?>
<!-- Generated by org.testng.reporters.JUnitReportReporter -->
<testsuite hostname="Parth" failures="1" tests="2" name="runners.TestRunner"
	time="56.264" errors="0" timestamp="2026-05-03T15:39:26 IST" skipped="1">
	<testcase classname="runners.TestRunner" name="runScenario" time="27.239">
		<failure
			message="No search results were populated on the page to click."
			type="java.lang.AssertionError">
      <![CDATA[java.lang.AssertionError: No search results were populated on the page to click.
at org.testng.Assert.fail(Assert.java:111)
at pages.SearchResultsPage.clickFirstProduct(SearchResultsPage.java:38)
at stepdefinitions.AmazonSteps.i_select_the_first_product_from_the_search_results(AmazonSteps.java:40)
at ✽.I select the first product from the search results(file:///C:/Users/parth/eclipse-workspace/Maven_AmazonTest_gemini/src/test/resources/features/AmazonFlow.feature:6)
]]>
    </failure>
	</testcase> <!--
	runScenario -->
	<testcase classname="runners.TestRunner" name="runScenario" time="29.025">
		<skipped />
	</testcase> <!-- runScenario -->
</testsuite> <!-- runners.TestRunner -->
